1.00    0.00    0.00    0.00    0.00    17.00  
1.00    0.00    0.00    0.00    0.00    17.00  
0.00    0.00    0.00    0.00    0.00    17.00  
0.00    0.00    0.00    0.00    0.00    17.00  
2.00    0.00    0.00    0.00    0.00    17.00  
0.00    0.00    0.00    1.00    0.00    17.00  
0.00    0.00    0.00    0.00    0.00    17.00  
0.00    0.00    0.00    1.00    0.00    17.00  
0.00    0.00    0.00    1.00    0.00    17.00  
0.00    0.00    0.00    0.00    0.00    17.00  
0.00    0.00    0.00    0.00    0.00    17.00  
0.00    0.00    0.00    2.00    0.00    17.00  
0.00    0.00    0.00    0.00    0.00    17.00  
0.00    0.00    0.00    0.00    0.00    17.00  
0.00    0.00    0.00    0.00    0.00    17.00  
0.00    0.00    0.00    0.00    0.00    17.00  
2.00    0.00    0.00    0.00    0.00    17.00  
0.00    0.00    0.00    0.00    0.00    17.00  
0.00    1.00    0.00    0.00    0.00    17.00  
0.00    1.00    0.00    0.00    0.00    17.00  
0.00    1.00    0.00    0.00    0.00    17.00  
0.00    1.00    0.00    0.00    0.00    17.00  
0.00    0.00    0.00    0.00    0.00    17.00  
0.00    1.00    0.00    0.00    0.00    17.00  
0.00    1.00    0.00    0.00    0.00    17.00  
0.00    2.00    0.00    0.00    0.00    17.00  
0.00    0.00    0.00    0.00    0.00    17.00  
0.00    0.00    0.00    0.00    0.00    17.00  
0.00    1.00    0.00    0.00    0.00    17.00  
0.00    0.00    0.00    0.00    9.00    16.00  
0.00    0.00    0.00    0.00    0.00    16.00  
1.00    0.00    0.00    0.00    0.00    16.00  
0.00    0.00    0.00    0.00    0.00    16.00  
0.00    0.00    0.00    0.00    0.00    16.00  
0.00    0.00    0.00    0.00    0.00    16.00  
0.00    0.00    0.00    0.00    0.00    16.00  
1.00    0.00    0.00    0.00    0.00    16.00  
1.00    0.00    0.00    0.00    0.00    16.00  
1.00    0.00    0.00    0.00    0.00    16.00  
0.00    0.00    0.00    0.00    0.00    16.00  
0.00    0.00    0.00    0.00    0.00    16.00  
1.00    0.00    0.00    0.00    0.00    16.00  
0.00    1.00    0.00    0.00    0.00    16.00  
2.00    0.00    0.00    0.00    0.00    16.00  
0.00    0.00    0.00    0.00    0.00    16.00  
0.00    0.00    0.00    0.00    2.00    16.00
1.00    0.00    0.00    0.00    0.00    14.00  
1.00    0.00    0.00    0.00    0.00    14.00  
0.00    0.00    0.00    0.00    0.00    14.00  
0.00    0.00    0.00    0.00    0.00    14.00  
0.00    0.00    0.00    0.00    0.00    14.00  
1.00    0.00    0.00    0.00    0.00    14.00  
1.00    0.00    0.00    0.00    0.00    13.00
1.00    0.00    0.00    0.00    0.00    14.00  
0.00    0.00    0.00    0.00    0.00    14.00  
0.00    0.00    0.00    0.00    0.00    14.00  
0.00    0.00    0.00    0.00    0.00    14.00  
0.00    0.00    1.00    0.00    0.00    14.00  
1.00    0.00    0.00    0.00    0.00    9.00   
0.00    0.00    0.00    0.00    0.00    9.00
1.00    0.00    0.00    0.00    0.00    15.00  
0.00    0.00    0.00    0.00    0.00    15.00  
1.00    0.00    0.00    0.00    0.00    15.00  
1.00    1.00    0.00    0.00    0.00    15.00  
0.00    0.00    1.00    0.00    0.00    15.00  
0.00    0.00    0.00    0.00    0.00    15.00  
0.00    0.00    0.00    0.00    0.00    15.00  
0.00    0.00    0.00    0.00    0.00    15.00  
1.00    0.00    0.00    0.00    0.00    15.00
1.00    0.00    0.00    0.00    0.00    16.00  
0.00    0.00    0.00    0.00    0.00    16.00  
1.00    0.00    0.00    0.00    0.00    16.00  
0.00    0.00    1.00    0.00    0.00    16.00  
0.00    0.00    0.00    0.00    0.00    16.00  
2.00    1.00    0.00    0.00    0.00    16.00 
