2.00    0.00    0.00    0.00    0.00    12.00  
0.00    0.00    0.00    0.00    1.00    12.00  
1.00    0.00    0.00    0.00    1.00    12.00  
0.00    0.00    0.00    0.00    0.00    12.00  
1.00    0.00    0.00    0.00    3.00    12.00  
0.00    1.00    0.00    0.00    0.00    12.00  
0.00    0.00    0.00    0.00    1.00    12.00  
0.00    0.00    0.00    0.00    0.00    12.00  
0.00    1.00    0.00    0.00    0.00    12.00  
0.00    0.00    0.00    0.00    1.00    12.00  
0.00    0.00    0.00    0.00    0.00    12.00  
1.00    0.00    0.00    0.00    0.00    12.00  
1.00    0.00    0.00    0.00    0.00    12.00  
0.00    5.00    0.00    0.00    0.00    12.00  
1.00    0.00    0.00    0.00    0.00    12.00  
0.00    0.00    0.00    0.00    0.00    12.00  
0.00    0.00    0.00    0.00    0.00    12.00  
0.00    0.00    0.00    0.00    0.00    12.00  
0.00    0.00    0.00    0.00    0.00    12.00  
1.00    0.00    0.00    0.00    0.00    12.00  
0.00    0.00    0.00    0.00    0.00    12.00  
0.00    5.00    0.00    0.00    0.00    12.00  
0.00    0.00    1.00    0.00    0.00    12.00  
3.00    0.00    0.00    0.00    0.00    12.00  
0.00    0.00    1.00    0.00    0.00    12.00  
0.00    0.00    1.00    0.00    0.00    12.00  
0.00    0.00    0.00    0.00    0.00    12.00  
0.00    0.00    0.00    0.00    0.00    12.00  
0.00    0.00    1.00    0.00    0.00    12.00  
0.00    0.00    0.00    0.00    0.00    12.00  
0.00    0.00    0.00    0.00    0.00    12.00  
0.00    0.00    0.00    0.00    0.00    12.00  
0.00    0.00    0.00    1.00    0.00    12.00  
0.00    0.00    0.00    2.00    0.00    12.00  
0.00    0.00    0.00    1.00    0.00    12.00  
0.00    0.00    0.00    1.00    0.00    12.00  
0.00    0.00    0.00    0.00    0.00    12.00  
0.00    0.00    1.00    0.00    0.00    12.00  
0.00    0.00    0.00    0.00    0.00    12.00  
0.00    0.00    2.00    0.00    0.00    11.00  
0.00    0.00    0.00    0.00    0.00    11.00  
0.00    0.00    0.00    0.00    0.00    11.00  
0.00    0.00    1.00    0.00    0.00    11.00  
0.00    0.00    0.00    0.00    0.00    11.00  
0.00    0.00    0.00    0.00    0.00    11.00  
0.00    0.00    0.00    0.00    0.00    11.00  
0.00    0.00    0.00    0.00    0.00    11.00  
0.00    0.00    0.00    0.00    0.00    11.00  
0.00    1.00    0.00    0.00    0.00    11.00  
0.00    2.00    0.00    0.00    0.00    11.00  
0.00    0.00    0.00    0.00    0.00    11.00  
2.00    0.00    0.00    0.00    0.00    11.00  
0.00    0.00    0.00    0.00    0.00    11.00  
0.00    0.00    0.00    0.00    0.00    11.00  
0.00    0.00    0.00    0.00    0.00    11.00  
0.00    0.00    0.00    0.00    0.00    11.00  
1.00    0.00    0.00    0.00    0.00    11.00  
0.00    0.00    0.00    0.00    0.00    11.00  
1.00    0.00    0.00    0.00    0.00    11.00  
1.00    0.00    0.00    0.00    0.00    11.00  
1.00    0.00    0.00    0.00    0.00    11.00  
0.00    0.00    0.00    0.00    0.00    11.00  
0.00    0.00    0.00    0.00    0.00    11.00  
0.00    0.00    1.00    0.00    0.00    11.00  
0.00    0.00    0.00    0.00    0.00    11.00  
0.00    0.00    0.00    0.00    0.00    11.00  
0.00    0.00    1.00    0.00    0.00    11.00  
0.00    0.00    0.00    0.00    0.00    11.00  
0.00    0.00    0.00    0.00    0.00    11.00  
2.00    0.00    1.00    0.00    0.00    11.00  
0.00    0.00    0.00    0.00    0.00    11.00  
0.00    0.00    0.00    0.00    1.00    11.00  
0.00    0.00    0.00    0.00    1.00    11.00  
0.00    0.00    0.00    0.00    0.00    11.00  
0.00    0.00    0.00    0.00    1.00    11.00  
0.00    0.00    0.00    0.00    0.00    11.00  
0.00    0.00    0.00    0.00    1.00    11.00  
0.00    0.00    0.00    0.00    0.00    11.00  
0.00    0.00    0.00    0.00    1.00    11.00  
0.00    0.00    0.00    0.00    2.00    11.00  
0.00    0.00    0.00    0.00    0.00    11.00  
0.00    0.00    0.00    0.00    1.00    11.00  
0.00    0.00    0.00    0.00    0.00    11.00  
0.00    0.00    0.00    0.00    0.00    11.00  
0.00    0.00    0.00    0.00    0.00    11.00  
0.00    0.00    0.00    0.00    2.00    11.00  
0.00    0.00    0.00    0.00    0.00    11.00  
0.00    0.00    0.00    0.00    0.00    11.00  
1.00    0.00    0.00    0.00    0.00    11.00  
1.00    0.00    0.00    0.00    0.00    11.00  
0.00    0.00    0.00    0.00    0.00    11.00  
0.00    0.00    0.00    0.00    0.00    11.00  
0.00    0.00    0.00    1.00    0.00    11.00  
0.00    0.00    0.00    2.00    0.00    11.00  
0.00    0.00    0.00    0.00    0.00    11.00  
0.00    0.00    0.00    0.00    0.00    11.00  
0.00    0.00    0.00    0.00    0.00    11.00  
0.00    0.00    0.00    1.00    0.00    11.00  
0.00    0.00    0.00    0.00    0.00    11.00  
0.00    0.00    0.00    2.00    0.00    11.00  
0.00    0.00    0.00    1.00    0.00    11.00  
0.00    0.00    0.00    3.00    0.00    11.00  
0.00    0.00    0.00    0.00    0.00    11.00  
0.00    0.00    0.00    1.00    0.00    11.00  
0.00    0.00    0.00    1.00    0.00    11.00  
0.00    2.00    0.00    0.00    0.00    11.00  
0.00    2.00    0.00    0.00    0.00    11.00  
0.00    0.00    0.00    0.00    0.00    11.00  
0.00    0.00    0.00    0.00    0.00    11.00  
0.00    2.00    0.00    0.00    0.00    19.00  
0.00    0.00    0.00    4.00    0.00    19.00  
0.00    0.00    0.00    4.00    0.00    19.00     
0.00    0.00    0.00    5.00    0.00    19.00
1.00    0.00    0.00    0.00    0.00    16.00  
0.00    0.00    0.00    0.00    0.00    16.00  
1.00    0.00    0.00    0.00    0.00    16.00  
0.00    0.00    1.00    0.00    0.00    16.00  
0.00    0.00    0.00    0.00    0.00    16.00  
2.00    1.00    0.00    0.00    0.00    16.00  
0.00    0.00    0.00    0.00    0.00    16.00
1.00    1.00    0.00    0.00    0.00    16.00  
1.00    0.00    0.00    0.00    0.00    16.00  
0.00    5.00    0.00    0.00    0.00    15.00  
1.00    0.00    0.00    0.00    0.00    15.00  
0.00    0.00    0.00    0.00    0.00    11.00  
0.00    0.00    0.00    0.00    6.00    11.00
1.00    1.00    0.00    0.00    0.00    11.00
3.00    0.00    0.00    0.00    0.00    11.00
0.00    0.00    0.00    0.00    6.00    11.00
0.00    1.00    0.00    0.00    0.00    13.00
0.00    0.00    0.00    1.00    0.00    13.00  
0.00    0.00    0.00    0.00    0.00    13.00  
0.00    0.00    0.00    1.00    0.00    13.00 
0.00    2.00    0.00    0.00    0.00    12.00
1.00    0.00    0.00    0.00    0.00    16.00  
0.00    0.00    0.00    0.00    0.00    16.00  
0.00    0.00    0.00    0.00    0.00    16.00  
0.00    0.00    0.00    0.00    0.00    16.00  
0.00    0.00    0.00    0.00    0.00    16.00  
1.00    0.00    0.00    0.00    0.00    16.00  
1.00    0.00    0.00    0.00    0.00    16.00  
1.00    0.00    0.00    0.00    0.00    16.00  
0.00    0.00    0.00    0.00    0.00    16.00  
0.00    0.00    0.00    0.00    0.00    16.00  
1.00    0.00    0.00    0.00    0.00    16.00  
0.00    1.00    0.00    0.00    0.00    16.00  
2.00    0.00    0.00    0.00    0.00    16.00  
0.00    0.00    0.00    0.00    0.00    16.00  
0.00    0.00    0.00    0.00    2.00    16.00  
2.00    0.00    0.00    0.00    0.00    16.00  
1.00    0.00    0.00    0.00    0.00    16.00  
0.00    0.00    0.00    0.00    6.00    16.00    
1.00    0.00    0.00    0.00    0.00    17.00  
1.00    0.00    0.00    0.00    0.00    17.00  
0.00    0.00    0.00    0.00    0.00    17.00  
0.00    0.00    0.00    0.00    0.00    17.00  
2.00    0.00    0.00    0.00    0.00    17.00  
0.00    0.00    0.00    1.00    0.00    17.00  
0.00    0.00    0.00    0.00    0.00    17.00  
0.00    0.00    0.00    1.00    0.00    17.00  
0.00    0.00    0.00    1.00    0.00    17.00  
0.00    0.00    0.00    0.00    0.00    17.00  
0.00    0.00    0.00    0.00    0.00    17.00  
0.00    0.00    0.00    2.00    0.00    17.00  
0.00    0.00    0.00    0.00    0.00    17.00  
0.00    0.00    0.00    0.00    0.00    17.00  
0.00    0.00    0.00    0.00    0.00    17.00  
0.00    0.00    0.00    0.00    0.00    17.00  
2.00    0.00    0.00    0.00    0.00    17.00  
0.00    0.00    0.00    0.00    0.00    17.00  
0.00    1.00    0.00    0.00    0.00    17.00  
0.00    1.00    0.00    0.00    0.00    17.00  
0.00    1.00    0.00    0.00    0.00    17.00  
0.00    1.00    0.00    0.00    0.00    17.00  
0.00    0.00    0.00    0.00    0.00    17.00  
0.00    1.00    0.00    0.00    0.00    17.00  
0.00    1.00    0.00    0.00    0.00    17.00  
0.00    2.00    0.00    0.00    0.00    17.00  
0.00    0.00    0.00    0.00    0.00    17.00  
0.00    0.00    0.00    0.00    0.00    17.00  
0.00    1.00    0.00    0.00    0.00    17.00  
0.00    0.00    0.00    0.00    9.00    16.00  
0.00    0.00    0.00    0.00    0.00    16.00  
1.00    0.00    0.00    0.00    0.00    16.00  
0.00    0.00    0.00    0.00    0.00    16.00  
0.00    0.00    0.00    0.00    0.00    16.00  
0.00    0.00    0.00    0.00    0.00    16.00  
0.00    0.00    0.00    0.00    0.00    16.00  
1.00    0.00    0.00    0.00    0.00    16.00  
1.00    0.00    0.00    0.00    0.00    16.00  
1.00    0.00    0.00    0.00    0.00    16.00  
0.00    0.00    0.00    0.00    0.00    16.00  
0.00    0.00    0.00    0.00    0.00    16.00  
1.00    0.00    0.00    0.00    0.00    16.00  
0.00    1.00    0.00    0.00    0.00    16.00  
2.00    0.00    0.00    0.00    0.00    16.00  
0.00    0.00    0.00    0.00    0.00    16.00  
0.00    0.00    0.00    0.00    2.00    16.00  
2.00    0.00    0.00    0.00    0.00    16.00  
1.00    0.00    0.00    0.00    0.00    16.00  
0.00    0.00    0.00    0.00    6.00    16.00  
0.00    0.00    0.00    0.00    0.00    15.00  
0.00    0.00    0.00    5.00    0.00    15.00    
